1521371373.262255 server started, pid 29367
1521371373.262362 continuing cmdq 0x557e3e997c40: flags=0, client=-1
1521371373.262372 cmdq 0x557e3e997c40: bind-key C-b send-prefix
1521371373.262392 continuing cmdq 0x557e3e997c40: flags=0, client=-1
1521371373.262399 cmdq 0x557e3e997c40: bind-key C-o rotate-window
1521371373.262409 continuing cmdq 0x557e3e997c40: flags=0, client=-1
1521371373.262415 cmdq 0x557e3e997c40: bind-key C-z suspend-client
1521371373.262426 continuing cmdq 0x557e3e997c40: flags=0, client=-1
1521371373.262432 cmdq 0x557e3e997c40: bind-key Space next-layout
1521371373.262448 continuing cmdq 0x557e3e997c40: flags=0, client=-1
1521371373.262492 cmdq 0x557e3e997c40: bind-key ! break-pane
1521371373.262504 continuing cmdq 0x557e3e997c40: flags=0, client=-1
1521371373.262509 cmdq 0x557e3e997c40: bind-key " split-window
1521371373.262519 continuing cmdq 0x557e3e997c40: flags=0, client=-1
1521371373.262525 cmdq 0x557e3e997c40: bind-key # list-buffers
1521371373.262536 continuing cmdq 0x557e3e997c40: flags=0, client=-1
1521371373.262542 cmdq 0x557e3e997c40: bind-key $ command-prompt -I#S "rename-session '%%'"
1521371373.262553 continuing cmdq 0x557e3e997c40: flags=0, client=-1
1521371373.262559 cmdq 0x557e3e997c40: bind-key % split-window -h
1521371373.262571 continuing cmdq 0x557e3e997c40: flags=0, client=-1
1521371373.262578 cmdq 0x557e3e997c40: bind-key & confirm-before "-pkill-window #W? (y/n)" kill-window
1521371373.262588 continuing cmdq 0x557e3e997c40: flags=0, client=-1
1521371373.262595 cmdq 0x557e3e997c40: bind-key ' command-prompt -pindex "select-window -t ':%%'"
1521371373.262605 continuing cmdq 0x557e3e997c40: flags=0, client=-1
1521371373.262610 cmdq 0x557e3e997c40: bind-key ( switch-client -p
1521371373.262620 continuing cmdq 0x557e3e997c40: flags=0, client=-1
1521371373.262637 cmdq 0x557e3e997c40: bind-key ) switch-client -n
1521371373.262650 continuing cmdq 0x557e3e997c40: flags=0, client=-1
1521371373.262656 cmdq 0x557e3e997c40: bind-key , command-prompt -I#W "rename-window '%%'"
1521371373.262666 continuing cmdq 0x557e3e997c40: flags=0, client=-1
1521371373.262671 cmdq 0x557e3e997c40: bind-key - delete-buffer
1521371373.262688 continuing cmdq 0x557e3e997c40: flags=0, client=-1
1521371373.262699 cmdq 0x557e3e997c40: bind-key . command-prompt "move-window -t '%%'"
1521371373.262712 continuing cmdq 0x557e3e997c40: flags=0, client=-1
1521371373.262718 cmdq 0x557e3e997c40: bind-key 0 select-window -t:=0
1521371373.262728 continuing cmdq 0x557e3e997c40: flags=0, client=-1
1521371373.262734 cmdq 0x557e3e997c40: bind-key 1 select-window -t:=1
1521371373.262744 continuing cmdq 0x557e3e997c40: flags=0, client=-1
1521371373.262750 cmdq 0x557e3e997c40: bind-key 2 select-window -t:=2
1521371373.262765 continuing cmdq 0x557e3e997c40: flags=0, client=-1
1521371373.262775 cmdq 0x557e3e997c40: bind-key 3 select-window -t:=3
1521371373.262789 continuing cmdq 0x557e3e997c40: flags=0, client=-1
1521371373.262799 cmdq 0x557e3e997c40: bind-key 4 select-window -t:=4
1521371373.262815 continuing cmdq 0x557e3e997c40: flags=0, client=-1
1521371373.262823 cmdq 0x557e3e997c40: bind-key 5 select-window -t:=5
1521371373.262833 continuing cmdq 0x557e3e997c40: flags=0, client=-1
1521371373.262839 cmdq 0x557e3e997c40: bind-key 6 select-window -t:=6
1521371373.262849 continuing cmdq 0x557e3e997c40: flags=0, client=-1
1521371373.262855 cmdq 0x557e3e997c40: bind-key 7 select-window -t:=7
1521371373.262864 continuing cmdq 0x557e3e997c40: flags=0, client=-1
1521371373.262870 cmdq 0x557e3e997c40: bind-key 8 select-window -t:=8
1521371373.262879 continuing cmdq 0x557e3e997c40: flags=0, client=-1
1521371373.262885 cmdq 0x557e3e997c40: bind-key 9 select-window -t:=9
1521371373.262894 continuing cmdq 0x557e3e997c40: flags=0, client=-1
1521371373.262900 cmdq 0x557e3e997c40: bind-key : command-prompt
1521371373.262908 continuing cmdq 0x557e3e997c40: flags=0, client=-1
1521371373.262913 cmdq 0x557e3e997c40: bind-key ; last-pane
1521371373.262921 continuing cmdq 0x557e3e997c40: flags=0, client=-1
1521371373.262927 cmdq 0x557e3e997c40: bind-key = choose-buffer
1521371373.262945 continuing cmdq 0x557e3e997c40: flags=0, client=-1
1521371373.262951 cmdq 0x557e3e997c40: bind-key ? list-keys
1521371373.262959 continuing cmdq 0x557e3e997c40: flags=0, client=-1
1521371373.262965 cmdq 0x557e3e997c40: bind-key D choose-client
1521371373.262973 continuing cmdq 0x557e3e997c40: flags=0, client=-1
1521371373.262979 cmdq 0x557e3e997c40: bind-key L switch-client -l
1521371373.262989 continuing cmdq 0x557e3e997c40: flags=0, client=-1
1521371373.262995 cmdq 0x557e3e997c40: bind-key M select-pane -M
1521371373.263004 continuing cmdq 0x557e3e997c40: flags=0, client=-1
1521371373.263010 cmdq 0x557e3e997c40: bind-key [ copy-mode
1521371373.263017 continuing cmdq 0x557e3e997c40: flags=0, client=-1
1521371373.263023 cmdq 0x557e3e997c40: bind-key ] paste-buffer
1521371373.263031 continuing cmdq 0x557e3e997c40: flags=0, client=-1
1521371373.263036 cmdq 0x557e3e997c40: bind-key c new-window
1521371373.263045 continuing cmdq 0x557e3e997c40: flags=0, client=-1
1521371373.263050 cmdq 0x557e3e997c40: bind-key d detach-client
1521371373.263059 continuing cmdq 0x557e3e997c40: flags=0, client=-1
1521371373.263065 cmdq 0x557e3e997c40: bind-key f command-prompt "find-window '%%'"
1521371373.263074 continuing cmdq 0x557e3e997c40: flags=0, client=-1
1521371373.263079 cmdq 0x557e3e997c40: bind-key i display-message
1521371373.263087 continuing cmdq 0x557e3e997c40: flags=0, client=-1
1521371373.263093 cmdq 0x557e3e997c40: bind-key l last-window
1521371373.263101 continuing cmdq 0x557e3e997c40: flags=0, client=-1
1521371373.263107 cmdq 0x557e3e997c40: bind-key m select-pane -m
1521371373.263117 continuing cmdq 0x557e3e997c40: flags=0, client=-1
1521371373.263127 cmdq 0x557e3e997c40: bind-key n next-window
1521371373.263142 continuing cmdq 0x557e3e997c40: flags=0, client=-1
1521371373.263152 cmdq 0x557e3e997c40: bind-key o select-pane -t:.+
1521371373.263168 continuing cmdq 0x557e3e997c40: flags=0, client=-1
1521371373.263178 cmdq 0x557e3e997c40: bind-key p previous-window
1521371373.263187 continuing cmdq 0x557e3e997c40: flags=0, client=-1
1521371373.263193 cmdq 0x557e3e997c40: bind-key q display-panes
1521371373.263201 continuing cmdq 0x557e3e997c40: flags=0, client=-1
1521371373.263206 cmdq 0x557e3e997c40: bind-key r refresh-client
1521371373.263214 continuing cmdq 0x557e3e997c40: flags=0, client=-1
1521371373.263220 cmdq 0x557e3e997c40: bind-key s choose-tree
1521371373.263231 continuing cmdq 0x557e3e997c40: flags=0, client=-1
1521371373.263236 cmdq 0x557e3e997c40: bind-key t clock-mode
1521371373.263244 continuing cmdq 0x557e3e997c40: flags=0, client=-1
1521371373.263250 cmdq 0x557e3e997c40: bind-key w choose-window
1521371373.263259 continuing cmdq 0x557e3e997c40: flags=0, client=-1
1521371373.263266 cmdq 0x557e3e997c40: bind-key x confirm-before "-pkill-pane #P? (y/n)" kill-pane
1521371373.263275 continuing cmdq 0x557e3e997c40: flags=0, client=-1
1521371373.263281 cmdq 0x557e3e997c40: bind-key z resize-pane -Z
1521371373.263290 continuing cmdq 0x557e3e997c40: flags=0, client=-1
1521371373.263296 cmdq 0x557e3e997c40: bind-key { swap-pane -U
1521371373.263306 continuing cmdq 0x557e3e997c40: flags=0, client=-1
1521371373.263311 cmdq 0x557e3e997c40: bind-key } swap-pane -D
1521371373.263321 continuing cmdq 0x557e3e997c40: flags=0, client=-1
1521371373.263326 cmdq 0x557e3e997c40: bind-key ~ show-messages
1521371373.263339 continuing cmdq 0x557e3e997c40: flags=0, client=-1
1521371373.263349 cmdq 0x557e3e997c40: bind-key PPage copy-mode -u
1521371373.263365 continuing cmdq 0x557e3e997c40: flags=0, client=-1
1521371373.263374 cmdq 0x557e3e997c40: bind-key -r Up select-pane -U
1521371373.263392 continuing cmdq 0x557e3e997c40: flags=0, client=-1
1521371373.263401 cmdq 0x557e3e997c40: bind-key -r Down select-pane -D
1521371373.263418 continuing cmdq 0x557e3e997c40: flags=0, client=-1
1521371373.263429 cmdq 0x557e3e997c40: bind-key -r Left select-pane -L
1521371373.263441 continuing cmdq 0x557e3e997c40: flags=0, client=-1
1521371373.263447 cmdq 0x557e3e997c40: bind-key -r Right select-pane -R
1521371373.263458 continuing cmdq 0x557e3e997c40: flags=0, client=-1
1521371373.263471 cmdq 0x557e3e997c40: bind-key M-1 select-layout even-horizontal
1521371373.263482 continuing cmdq 0x557e3e997c40: flags=0, client=-1
1521371373.263488 cmdq 0x557e3e997c40: bind-key M-2 select-layout even-vertical
1521371373.263498 continuing cmdq 0x557e3e997c40: flags=0, client=-1
1521371373.263504 cmdq 0x557e3e997c40: bind-key M-3 select-layout main-horizontal
1521371373.263514 continuing cmdq 0x557e3e997c40: flags=0, client=-1
1521371373.263524 cmdq 0x557e3e997c40: bind-key M-4 select-layout main-vertical
1521371373.263534 continuing cmdq 0x557e3e997c40: flags=0, client=-1
1521371373.263540 cmdq 0x557e3e997c40: bind-key M-5 select-layout tiled
1521371373.263549 continuing cmdq 0x557e3e997c40: flags=0, client=-1
1521371373.263555 cmdq 0x557e3e997c40: bind-key M-n next-window -a
1521371373.263564 continuing cmdq 0x557e3e997c40: flags=0, client=-1
1521371373.263569 cmdq 0x557e3e997c40: bind-key M-o rotate-window -D
1521371373.263578 continuing cmdq 0x557e3e997c40: flags=0, client=-1
1521371373.263583 cmdq 0x557e3e997c40: bind-key M-p previous-window -a
1521371373.263593 continuing cmdq 0x557e3e997c40: flags=0, client=-1
1521371373.263598 cmdq 0x557e3e997c40: bind-key -r M-Up resize-pane -U 5
1521371373.263610 continuing cmdq 0x557e3e997c40: flags=0, client=-1
1521371373.263616 cmdq 0x557e3e997c40: bind-key -r M-Down resize-pane -D 5
1521371373.263626 continuing cmdq 0x557e3e997c40: flags=0, client=-1
1521371373.263632 cmdq 0x557e3e997c40: bind-key -r M-Left resize-pane -L 5
1521371373.263642 continuing cmdq 0x557e3e997c40: flags=0, client=-1
1521371373.263648 cmdq 0x557e3e997c40: bind-key -r M-Right resize-pane -R 5
1521371373.263658 continuing cmdq 0x557e3e997c40: flags=0, client=-1
1521371373.263664 cmdq 0x557e3e997c40: bind-key -r C-Up resize-pane -U
1521371373.263676 continuing cmdq 0x557e3e997c40: flags=0, client=-1
1521371373.263682 cmdq 0x557e3e997c40: bind-key -r C-Down resize-pane -D
1521371373.263692 continuing cmdq 0x557e3e997c40: flags=0, client=-1
1521371373.263698 cmdq 0x557e3e997c40: bind-key -r C-Left resize-pane -L
1521371373.263707 continuing cmdq 0x557e3e997c40: flags=0, client=-1
1521371373.263713 cmdq 0x557e3e997c40: bind-key -r C-Right resize-pane -R
1521371373.263725 continuing cmdq 0x557e3e997c40: flags=0, client=-1
1521371373.263736 cmdq 0x557e3e997c40: bind-key -n MouseDown1Pane select-pane -t=; send-keys -M
1521371373.263754 continuing cmdq 0x557e3e997c40: flags=0, client=-1
1521371373.263765 cmdq 0x557e3e997c40: bind-key -n MouseDrag1Border resize-pane -M
1521371373.263781 continuing cmdq 0x557e3e997c40: flags=0, client=-1
1521371373.263791 cmdq 0x557e3e997c40: bind-key -n MouseDown1Status select-window -t=
1521371373.263806 continuing cmdq 0x557e3e997c40: flags=0, client=-1
1521371373.263812 cmdq 0x557e3e997c40: bind-key -n WheelDownStatus next-window
1521371373.263822 continuing cmdq 0x557e3e997c40: flags=0, client=-1
1521371373.263827 cmdq 0x557e3e997c40: bind-key -n WheelUpStatus previous-window
1521371373.263842 continuing cmdq 0x557e3e997c40: flags=0, client=-1
1521371373.263855 cmdq 0x557e3e997c40: bind-key -n MouseDrag1Pane if -Ft= #{mouse_any_flag} "if -Ft= "#{pane_in_mode}" "copy-mode -M" "send-keys -M"" "copy-mode -M"
1521371373.263870 continuing cmdq 0x557e3e997c40: flags=0, client=-1
1521371373.263878 cmdq 0x557e3e997c40: bind-key -n MouseDown3Pane if-shell -Ft= #{mouse_any_flag} "select-pane -t=; send-keys -M" "select-pane -mt="
1521371373.263893 continuing cmdq 0x557e3e997c40: flags=0, client=-1
1521371373.263901 cmdq 0x557e3e997c40: bind-key -n WheelUpPane if-shell -Ft= #{mouse_any_flag} "send-keys -M" "if -Ft= "#{pane_in_mode}" "send-keys -M" "copy-mode -et=""
1521371373.264061 socket path /tmp/tmux-0/default
1521371373.264158 new client 7
1521371373.264204 loading /root/.tmux.conf
1521371373.264229 /root/.tmux.conf: # Remember to brew install reattach-to-user-namespace
1521371373.264236 /root/.tmux.conf: set-option -g default-command "reattach-to-user-namespace -l zsh"
1521371373.264248 /root/.tmux.conf: 
1521371373.264264 /root/.tmux.conf: # terminal options
1521371373.264273 /root/.tmux.conf: set-option -g default-shell /bin/zsh
1521371373.264283 /root/.tmux.conf: set -g default-terminal "xterm-256color"
1521371373.264294 /root/.tmux.conf: set -ag terminal-overrides ",xterm-kitty:Tc,xterm-256color:Tc"
1521371373.264304 /root/.tmux.conf: 
1521371373.264309 /root/.tmux.conf: # mouse
1521371373.264314 /root/.tmux.conf: set-option -g mouse on
1521371373.264322 /root/.tmux.conf: 
1521371373.264327 /root/.tmux.conf: # vi
1521371373.264332 /root/.tmux.conf: set-option -g status-keys vi
1521371373.264341 /root/.tmux.conf: set-option -g mode-keys vi
1521371373.264350 /root/.tmux.conf: set-window-option -g mode-keys vi
1521371373.264360 /root/.tmux.conf: 
1521371373.264365 /root/.tmux.conf: # disable escape key
1521371373.264369 /root/.tmux.conf: set -g escape-time 0
1521371373.264377 /root/.tmux.conf: 
1521371373.264383 /root/.tmux.conf: # increase scrollback buffer size
1521371373.264388 /root/.tmux.conf: set -g history-limit 50000
1521371373.264396 /root/.tmux.conf: 
1521371373.264401 /root/.tmux.conf: # display tmux messages for 3 seconds
1521371373.264406 /root/.tmux.conf: set -g display-time 4000
1521371373.264414 /root/.tmux.conf: 
1521371373.264419 /root/.tmux.conf: # refresh the statusbar every second
1521371373.264424 /root/.tmux.conf: set -g status-interval 15
1521371373.264432 /root/.tmux.conf: 
1521371373.264437 /root/.tmux.conf: # focus events enabled for terminals that support them
1521371373.264442 /root/.tmux.conf: set -g focus-events on
1521371373.264450 /root/.tmux.conf: 
1521371373.264456 /root/.tmux.conf: # super useful when using "grouped sessions" in a multi monitor setup
1521371373.264461 /root/.tmux.conf: setw -g aggressive-resize on
1521371373.264470 /root/.tmux.conf: 
1521371373.264474 /root/.tmux.conf: 
1521371373.264481 /root/.tmux.conf: ### Tmux Plugins ###
1521371373.264487 /root/.tmux.conf: # Initalizing Plugin Manager
1521371373.264492 /root/.tmux.conf: set -g @plugin 'tmux-plugins/tpm'
1521371373.264502 /root/.tmux.conf: set -g @plugin 'tmux-plugins/tmux-prefix-highlight'
1521371373.264511 /root/.tmux.conf: 
1521371373.264516 /root/.tmux.conf: # gitbar config
1521371373.264522 /root/.tmux.conf: # TMUX_GITBAR_DIR='$HOME/.tmux/tmux-gitbar'
1521371373.264527 /root/.tmux.conf: # source-file $HOME/.tmux/tmux-gitbar/tmux-gitbar.tmux
1521371373.264533 /root/.tmux.conf: # TMUX_GITBAR_CONF='$HOME/.tmux-gitbar.conf'
1521371373.264537 /root/.tmux.conf: 
1521371373.264542 /root/.tmux.conf: ### KEY BINDINGS ###
1521371373.264546 /root/.tmux.conf: # change prefix binding
1521371373.264551 /root/.tmux.conf: unbind C-b
1521371373.264559 /root/.tmux.conf: set -g prefix C-a
1521371373.264567 /root/.tmux.conf: 
1521371373.264572 /root/.tmux.conf: # switch panes using Alt-arrow without prefix
1521371373.264578 /root/.tmux.conf: bind -n M-Left select-pane -L
1521371373.264586 /root/.tmux.conf: bind -n M-Right select-pane -R
1521371373.264594 /root/.tmux.conf: bind -n M-Up select-pane -U
1521371373.264601 /root/.tmux.conf: bind -n M-Down select-pane -D
1521371373.264608 /root/.tmux.conf: 
1521371373.264614 /root/.tmux.conf: # switch windows using Alt-arrow without prefix
1521371373.264619 /root/.tmux.conf: bind -n M-S-Left previous-window
1521371373.264627 /root/.tmux.conf: bind -n M-S-Right next-window
1521371373.264636 /root/.tmux.conf: 
1521371373.264641 /root/.tmux.conf: # override default window splitting
1521371373.264647 /root/.tmux.conf: bind '"' split-window -c "#{pane_current_path}"
1521371373.264656 /root/.tmux.conf: bind % split-window -h -c "#{pane_current_path}"
1521371373.264665 /root/.tmux.conf: bind c new-window -c "#{pane_current_path}"
1521371373.264673 /root/.tmux.conf: 
1521371373.264678 /root/.tmux.conf: # override copy and pasting
1521371373.264693 /root/.tmux.conf: bind-key -T copy-mode-vi v send-keys -X begin-selection
1521371373.264710 /root/.tmux.conf: bind-key -T copy-mode-vi y send-keys -X copy-selection
1521371373.264722 /root/.tmux.conf: bind-key -T copy-mode-vi r send-keys -X rectangle-toggle
1521371373.264751 /root/.tmux.conf: 
1521371373.264759 /root/.tmux.conf: # reload
1521371373.264764 /root/.tmux.conf: bind r source-file ~/.tmux.conf
1521371373.264774 /root/.tmux.conf: 
1521371373.264779 /root/.tmux.conf: ### LOOK & FEEL ###
1521371373.264783 /root/.tmux.conf: 
1521371373.264791 /root/.tmux.conf: # loud or quiet?
1521371373.264797 /root/.tmux.conf: set-option -g visual-activity off
1521371373.264810 /root/.tmux.conf: set-option -g visual-bell off
1521371373.264822 /root/.tmux.conf: set-option -g visual-silence off
1521371373.264835 /root/.tmux.conf: set-window-option -g monitor-activity off
1521371373.264846 /root/.tmux.conf: set-option -g bell-action none
1521371373.264855 /root/.tmux.conf: 
1521371373.264860 /root/.tmux.conf: # The modes {
1521371373.264865 /root/.tmux.conf: setw -g clock-mode-colour colour135
1521371373.264874 /root/.tmux.conf: setw -g mode-attr bold
1521371373.264883 /root/.tmux.conf: setw -g mode-fg colour196
1521371373.264891 /root/.tmux.conf: setw -g mode-bg colour238
1521371373.264899 /root/.tmux.conf: # }
1521371373.264903 /root/.tmux.conf: 
1521371373.264907 /root/.tmux.conf: # The panes {
1521371373.264913 /root/.tmux.conf: set -g pane-border-bg colour234
1521371373.264921 /root/.tmux.conf: set -g pane-border-fg colour236
1521371373.264933 /root/.tmux.conf: set -g pane-active-border-bg colour234
1521371373.264943 /root/.tmux.conf: set -g pane-active-border-fg colour199
1521371373.264952 /root/.tmux.conf: # }
1521371373.264956 /root/.tmux.conf: 
1521371373.264961 /root/.tmux.conf: # The statusbar {
1521371373.264966 /root/.tmux.conf: set -g status-position bottom
1521371373.264975 /root/.tmux.conf: set -g status-bg colour234
1521371373.264983 /root/.tmux.conf: set -g status-fg colour137
1521371373.264991 /root/.tmux.conf: set -g status-attr dim
1521371373.265002 /root/.tmux.conf: set -g status-right '#{prefix_highlight}#[fg=colour253,bg=colour236,bold] %Y/%m/%d #[fg=colour253,bg=colour233,bold] %H:%M '
1521371373.265016 /root/.tmux.conf: set -g status-left ' Session: #S #[fg=colour253,bg=colour233,bold] #(whoami):#(pwd) '
1521371373.265028 /root/.tmux.conf: set -g status-right-length 50
1521371373.265039 /root/.tmux.conf: set -g status-left-length 50
1521371373.265048 /root/.tmux.conf: 
1521371373.265054 /root/.tmux.conf: setw -g window-status-current-fg colour81
1521371373.265063 /root/.tmux.conf: setw -g window-status-current-bg colour238
1521371373.265073 /root/.tmux.conf: setw -g window-status-current-attr bold
1521371373.265084 /root/.tmux.conf: setw -g window-status-current-format ' #I#[fg=colour250]:#[fg=colour255]#W#[fg=colour50]#F '
1521371373.265095 /root/.tmux.conf: 
1521371373.265100 /root/.tmux.conf: setw -g window-status-fg colour138
1521371373.265109 /root/.tmux.conf: setw -g window-status-bg colour235
1521371373.265118 /root/.tmux.conf: setw -g window-status-attr none
1521371373.265129 /root/.tmux.conf: setw -g window-status-format ' #I#[fg=colour237]:#[fg=colour250]#W#[fg=colour244]#F '
1521371373.265139 /root/.tmux.conf: 
1521371373.265147 /root/.tmux.conf: setw -g window-status-bell-attr bold
1521371373.265156 /root/.tmux.conf: setw -g window-status-bell-fg colour255
1521371373.265166 /root/.tmux.conf: setw -g window-status-bell-bg colour1
1521371373.265174 /root/.tmux.conf: # }
1521371373.265179 /root/.tmux.conf: 
1521371373.265184 /root/.tmux.conf: # The messages {
1521371373.265188 /root/.tmux.conf: set -g message-attr bold
1521371373.265196 /root/.tmux.conf: set -g message-fg colour232
1521371373.265205 /root/.tmux.conf: set -g message-bg colour166
1521371373.265213 /root/.tmux.conf: set -g message-command-fg blue
1521371373.265222 /root/.tmux.conf: set -g message-command-bg black
1521371373.265230 /root/.tmux.conf: # }
1521371373.265235 /root/.tmux.conf: 
1521371373.265240 /root/.tmux.conf: # Initializing tmux-gitbar - no idea why this has to be at the bottom
1521371373.265246 /root/.tmux.conf: # TMUX_GITBAR_DIR="~/.tmux/tmux-gitbar"
1521371373.265251 /root/.tmux.conf: # run ~/.tmux/tmux-git/tmux-git.sh
1521371373.265257 /root/.tmux.conf: # ^ commented out, can't figure out how to get it to work with xterm
1521371373.265267 /root/.tmux.conf: 
1521371373.265272 /root/.tmux.conf: # Initializing tpm
1521371373.265277 /root/.tmux.conf: run '~/.tmux/plugins/tpm/tpm'
1521371373.265290 continuing cmdq 0x557e3e99da20: flags=0, client=-1
1521371373.265298 cmdq 0x557e3e99da20: set-option -g default-command "reattach-to-user-namespace -l zsh"
1521371373.265312 cmdq 0x557e3e99da20: set-option -g default-shell /bin/zsh
1521371373.265321 cmdq 0x557e3e99da20: set-option -g default-terminal xterm-256color
1521371373.265332 cmdq 0x557e3e99da20: set-option -ag terminal-overrides ,xterm-kitty:Tc,xterm-256color:Tc
1521371373.265344 cmdq 0x557e3e99da20: set-option -g mouse on
1521371373.265352 cmdq 0x557e3e99da20: set-option -g status-keys vi
1521371373.265362 cmdq 0x557e3e99da20: set-option -g mode-keys vi
1521371373.265371 cmdq 0x557e3e99da20: set-window-option -g mode-keys vi
1521371373.265379 cmdq 0x557e3e99da20: set-option -g escape-time 0
1521371373.265389 cmdq 0x557e3e99da20: set-option -g history-limit 50000
1521371373.265396 cmdq 0x557e3e99da20: set-option -g display-time 4000
1521371373.265404 cmdq 0x557e3e99da20: set-option -g status-interval 15
1521371373.265412 cmdq 0x557e3e99da20: set-option -g focus-events on
1521371373.265420 cmdq 0x557e3e99da20: set-window-option -g aggressive-resize on
1521371373.265428 cmdq 0x557e3e99da20: set-option -g @plugin tmux-plugins/tpm
1521371373.265436 cmdq 0x557e3e99da20: set-option -g @plugin tmux-plugins/tmux-prefix-highlight
1521371373.265442 cmdq 0x557e3e99da20: unbind-key C-b
1521371373.265450 cmdq 0x557e3e99da20: set-option -g prefix C-a
1521371373.265458 cmdq 0x557e3e99da20: bind-key -n M-Left select-pane -L
1521371373.265468 cmdq 0x557e3e99da20: bind-key -n M-Right select-pane -R
1521371373.265477 cmdq 0x557e3e99da20: bind-key -n M-Up select-pane -U
1521371373.265486 cmdq 0x557e3e99da20: bind-key -n M-Down select-pane -D
1521371373.265495 cmdq 0x557e3e99da20: bind-key -n M-S-Left previous-window
1521371373.265504 cmdq 0x557e3e99da20: bind-key -n M-S-Right next-window
1521371373.265513 cmdq 0x557e3e99da20: bind-key " split-window -c #{pane_current_path}
1521371373.265523 cmdq 0x557e3e99da20: bind-key % split-window -h -c #{pane_current_path}
1521371373.265534 cmdq 0x557e3e99da20: bind-key c new-window -c #{pane_current_path}
1521371373.265544 cmdq 0x557e3e99da20: bind-key -T copy-mode-vi v send-keys -X begin-selection
1521371373.265566 cmdq 0x557e3e99da20: bind-key -T copy-mode-vi y send-keys -X copy-selection
1521371373.265579 cmdq 0x557e3e99da20: bind-key -T copy-mode-vi r send-keys -X rectangle-toggle
1521371373.265590 cmdq 0x557e3e99da20: bind-key r source-file /root/.tmux.conf
1521371373.265599 cmdq 0x557e3e99da20: set-option -g visual-activity off
1521371373.265607 cmdq 0x557e3e99da20: set-option -g visual-bell off
1521371373.265615 cmdq 0x557e3e99da20: set-option -g visual-silence off
1521371373.265623 cmdq 0x557e3e99da20: set-window-option -g monitor-activity off
1521371373.265631 cmdq 0x557e3e99da20: set-option -g bell-action none
1521371373.265639 cmdq 0x557e3e99da20: set-window-option -g clock-mode-colour colour135
1521371373.265648 cmdq 0x557e3e99da20: set-window-option -g mode-attr bold
1521371373.265662 cmdq 0x557e3e99da20: set-window-option -g mode-fg colour196
1521371373.265670 cmdq 0x557e3e99da20: set-window-option -g mode-bg colour238
1521371373.265678 cmdq 0x557e3e99da20: set-option -g pane-border-bg colour234
1521371373.265687 cmdq 0x557e3e99da20: set-option -g pane-border-fg colour236
1521371373.265695 cmdq 0x557e3e99da20: set-option -g pane-active-border-bg colour234
1521371373.265704 cmdq 0x557e3e99da20: set-option -g pane-active-border-fg colour199
1521371373.265713 cmdq 0x557e3e99da20: set-option -g status-position bottom
1521371373.265721 cmdq 0x557e3e99da20: set-option -g status-bg colour234
1521371373.265730 cmdq 0x557e3e99da20: set-option -g status-fg colour137
1521371373.265738 cmdq 0x557e3e99da20: set-option -g status-attr dim
1521371373.265748 cmdq 0x557e3e99da20: set-option -g status-right "#{prefix_highlight}#[fg=colour253,bg=colour236,bold] %Y/%m/%d #[fg=colour253,bg=colour233,bold] %H:%M "
1521371373.265765 cmdq 0x557e3e99da20: set-option -g status-left " Session: #S #[fg=colour253,bg=colour233,bold] #(whoami):#(pwd) "
1521371373.265774 cmdq 0x557e3e99da20: set-option -g status-right-length 50
1521371373.265782 cmdq 0x557e3e99da20: set-option -g status-left-length 50
1521371373.265791 cmdq 0x557e3e99da20: set-window-option -g window-status-current-fg colour81
1521371373.265801 cmdq 0x557e3e99da20: set-window-option -g window-status-current-bg colour238
1521371373.265810 cmdq 0x557e3e99da20: set-window-option -g window-status-current-attr bold
1521371373.265821 cmdq 0x557e3e99da20: set-window-option -g window-status-current-format " #I#[fg=colour250]:#[fg=colour255]#W#[fg=colour50]#F "
1521371373.265831 cmdq 0x557e3e99da20: set-window-option -g window-status-fg colour138
1521371373.265840 cmdq 0x557e3e99da20: set-window-option -g window-status-bg colour235
1521371373.265849 cmdq 0x557e3e99da20: set-window-option -g window-status-attr none
1521371373.265859 cmdq 0x557e3e99da20: set-window-option -g window-status-format " #I#[fg=colour237]:#[fg=colour250]#W#[fg=colour244]#F "
1521371373.265869 cmdq 0x557e3e99da20: set-window-option -g window-status-bell-attr bold
1521371373.265878 cmdq 0x557e3e99da20: set-window-option -g window-status-bell-fg colour255
1521371373.265887 cmdq 0x557e3e99da20: set-window-option -g window-status-bell-bg colour1
1521371373.265895 cmdq 0x557e3e99da20: set-option -g message-attr bold
1521371373.265904 cmdq 0x557e3e99da20: set-option -g message-fg colour232
1521371373.265916 cmdq 0x557e3e99da20: set-option -g message-bg colour166
1521371373.265929 cmdq 0x557e3e99da20: set-option -g message-command-fg blue
1521371373.265944 cmdq 0x557e3e99da20: set-option -g message-command-bg black
1521371373.265954 cmdq 0x557e3e99da20: run-shell ~/.tmux/plugins/tpm/tpm
1521371373.265969 format '~/.tmux/plugins/tpm/tpm' -> '~/.tmux/plugins/tpm/tpm'
1521371373.266204 run job 0x557e3e9b1c40: ~/.tmux/plugins/tpm/tpm, pid 29368
1521371373.266232 event dispatch enter
1521371373.266286 got 100 from client 7
1521371373.266292 got 101 from client 7
1521371373.266297 got 102 from client 7
1521371373.266301 got 103 from client 7
1521371373.266314 job write 0x557e3e9b1c40: ~/.tmux/plugins/tpm/tpm, pid 29368, output left 0
1521371373.266323 event dispatch exit
1521371373.266328 event dispatch enter
1521371373.266355 got 104 from client 7
1521371373.266362 event dispatch exit
1521371373.266366 event dispatch enter
1521371373.266387 got 107 from client 7
1521371373.266392 got 105 from client 7
1521371373.266398 got 105 from client 7
1521371373.266403 got 105 from client 7
1521371373.266408 got 105 from client 7
1521371373.266413 got 105 from client 7
1521371373.266419 got 105 from client 7
1521371373.266424 got 105 from client 7
1521371373.266428 got 105 from client 7
1521371373.266433 got 105 from client 7
1521371373.266438 got 105 from client 7
1521371373.266443 got 105 from client 7
1521371373.266447 got 105 from client 7
1521371373.266483 got 105 from client 7
1521371373.266492 got 105 from client 7
1521371373.266496 got 105 from client 7
1521371373.266501 got 105 from client 7
1521371373.266506 got 105 from client 7
1521371373.266510 got 105 from client 7
1521371373.266515 got 105 from client 7
1521371373.266519 got 105 from client 7
1521371373.266524 got 105 from client 7
1521371373.266531 got 105 from client 7
1521371373.266539 got 105 from client 7
1521371373.266544 got 105 from client 7
1521371373.266548 got 105 from client 7
1521371373.266553 got 105 from client 7
1521371373.266558 got 105 from client 7
1521371373.266562 got 105 from client 7
1521371373.266567 got 105 from client 7
1521371373.266571 got 105 from client 7
1521371373.266576 got 105 from client 7
1521371373.266580 got 105 from client 7
1521371373.266585 got 105 from client 7
1521371373.266589 got 106 from client 7
1521371373.266643 got 200 from client 7
1521371373.266663 event dispatch exit
1521371373.266671 event dispatch enter
1521371373.280943 new client 11
1521371373.280973 event dispatch exit
1521371373.280981 event dispatch enter
1521371373.281128 got 100 from client 11
1521371373.281137 got 101 from client 11
1521371373.281142 got 102 from client 11
1521371373.281146 got 103 from client 11
1521371373.281152 event dispatch exit
1521371373.281157 event dispatch enter
1521371373.281200 got 104 from client 11
1521371373.281208 event dispatch exit
1521371373.281212 event dispatch enter
1521371373.281254 got 107 from client 11
1521371373.281261 got 105 from client 11
1521371373.281267 got 105 from client 11
1521371373.281272 got 105 from client 11
1521371373.281278 got 105 from client 11
1521371373.281283 got 105 from client 11
1521371373.281288 got 105 from client 11
1521371373.281293 got 105 from client 11
1521371373.281298 got 105 from client 11
1521371373.281302 got 105 from client 11
1521371373.281307 got 105 from client 11
1521371373.281314 got 105 from client 11
1521371373.281323 got 105 from client 11
1521371373.281327 got 105 from client 11
1521371373.281332 got 105 from client 11
1521371373.281338 got 105 from client 11
1521371373.281342 got 105 from client 11
1521371373.281349 got 105 from client 11
1521371373.281354 got 105 from client 11
1521371373.281358 got 105 from client 11
1521371373.281363 got 105 from client 11
1521371373.281367 got 105 from client 11
1521371373.281372 got 105 from client 11
1521371373.281377 got 105 from client 11
1521371373.281381 got 105 from client 11
1521371373.281386 got 105 from client 11
1521371373.281390 got 105 from client 11
1521371373.281395 got 105 from client 11
1521371373.281400 got 105 from client 11
1521371373.281404 got 105 from client 11
1521371373.281409 got 105 from client 11
1521371373.281414 got 105 from client 11
1521371373.281418 got 105 from client 11
1521371373.281423 got 105 from client 11
1521371373.281427 got 106 from client 11
1521371373.281433 got 200 from client 11
1521371373.281446 continuing cmdq 0x557e3e9b4ba0: flags=0, client=11
1521371373.281454 cmdq 0x557e3e9b4ba0: show-environment -g TMUX_PLUGIN_MANAGER_PATH
1521371373.281467 writing 211 to client 11
1521371373.281483 event dispatch exit
1521371373.281488 writing 203 to client 11
1521371373.281493 event dispatch enter
1521371373.281512 event dispatch exit
1521371373.281517 event dispatch enter
1521371373.281676 lost client 11
1521371373.281696 unref client 11 (1 references)
1521371373.281704 event dispatch exit
1521371373.281709 event dispatch enter
1521371373.281718 free client 11 (0 references)
1521371373.281726 event dispatch exit
1521371373.281730 event dispatch enter
1521371373.283029 new client 11
1521371373.283039 event dispatch exit
1521371373.283044 event dispatch enter
1521371373.283174 got 100 from client 11
1521371373.283182 got 101 from client 11
1521371373.283186 got 102 from client 11
1521371373.283190 got 103 from client 11
1521371373.283195 event dispatch exit
1521371373.283200 event dispatch enter
1521371373.283244 got 104 from client 11
1521371373.283251 event dispatch exit
1521371373.283255 event dispatch enter
1521371373.283296 got 107 from client 11
1521371373.283303 got 105 from client 11
1521371373.283308 got 105 from client 11
1521371373.283313 got 105 from client 11
1521371373.283317 got 105 from client 11
1521371373.283322 got 105 from client 11
1521371373.283327 got 105 from client 11
1521371373.283331 got 105 from client 11
1521371373.283336 got 105 from client 11
1521371373.283340 got 105 from client 11
1521371373.283345 got 105 from client 11
1521371373.283351 got 105 from client 11
1521371373.283359 got 105 from client 11
1521371373.283364 got 105 from client 11
1521371373.283368 got 105 from client 11
1521371373.283373 got 105 from client 11
1521371373.283378 got 105 from client 11
1521371373.283384 got 105 from client 11
1521371373.283389 got 105 from client 11
1521371373.283394 got 105 from client 11
1521371373.283398 got 105 from client 11
1521371373.283402 got 105 from client 11
1521371373.283407 got 105 from client 11
1521371373.283411 got 105 from client 11
1521371373.283416 got 105 from client 11
1521371373.283427 got 105 from client 11
1521371373.283433 got 105 from client 11
1521371373.283438 got 105 from client 11
1521371373.283442 got 105 from client 11
1521371373.283447 got 105 from client 11
1521371373.283451 got 105 from client 11
1521371373.283456 got 105 from client 11
1521371373.283460 got 105 from client 11
1521371373.283465 got 105 from client 11
1521371373.283469 got 106 from client 11
1521371373.283475 got 200 from client 11
1521371373.283486 continuing cmdq 0x557e3e9b4ba0: flags=0, client=11
1521371373.283493 cmdq 0x557e3e9b4ba0: set-environment -g TMUX_PLUGIN_MANAGER_PATH /root/.tmux/plugins/
1521371373.283503 event dispatch exit
1521371373.283507 writing 203 to client 11
1521371373.283513 event dispatch enter
1521371373.283527 event dispatch exit
1521371373.283531 event dispatch enter
1521371373.283679 lost client 11
1521371373.283698 unref client 11 (1 references)
1521371373.283704 event dispatch exit
1521371373.283709 event dispatch enter
1521371373.283718 free client 11 (0 references)
1521371373.283727 event dispatch exit
1521371373.283734 event dispatch enter
1521371373.285634 new client 11
1521371373.285645 event dispatch exit
1521371373.285650 event dispatch enter
1521371373.285784 got 100 from client 11
1521371373.285792 got 101 from client 11
1521371373.285796 got 102 from client 11
1521371373.285801 got 103 from client 11
1521371373.285806 event dispatch exit
1521371373.285810 event dispatch enter
1521371373.285852 got 104 from client 11
1521371373.285860 event dispatch exit
1521371373.285865 event dispatch enter
1521371373.285906 got 107 from client 11
1521371373.285912 got 105 from client 11
1521371373.285918 got 105 from client 11
1521371373.285923 got 105 from client 11
1521371373.285928 got 105 from client 11
1521371373.285933 got 105 from client 11
1521371373.285937 got 105 from client 11
1521371373.285942 got 105 from client 11
1521371373.285946 got 105 from client 11
1521371373.285951 got 105 from client 11
1521371373.285955 got 105 from client 11
1521371373.285961 got 105 from client 11
1521371373.285969 got 105 from client 11
1521371373.285974 got 105 from client 11
1521371373.285978 got 105 from client 11
1521371373.285983 got 105 from client 11
1521371373.285988 got 105 from client 11
1521371373.285995 got 105 from client 11
1521371373.285999 got 105 from client 11
1521371373.286004 got 105 from client 11
1521371373.286008 got 105 from client 11
1521371373.286013 got 105 from client 11
1521371373.286017 got 105 from client 11
1521371373.286022 got 105 from client 11
1521371373.286027 got 105 from client 11
1521371373.286031 got 105 from client 11
1521371373.286036 got 105 from client 11
1521371373.286040 got 105 from client 11
1521371373.286045 got 105 from client 11
1521371373.286050 got 105 from client 11
1521371373.286054 got 105 from client 11
1521371373.286059 got 105 from client 11
1521371373.286063 got 105 from client 11
1521371373.286067 got 105 from client 11
1521371373.286072 got 106 from client 11
1521371373.286077 got 200 from client 11
1521371373.286089 continuing cmdq 0x557e3e9b4ba0: flags=0, client=11
1521371373.286096 cmdq 0x557e3e9b4ba0: show-options -gqv @tpm-install
1521371373.286105 event dispatch exit
1521371373.286110 writing 203 to client 11
1521371373.286115 event dispatch enter
1521371373.286130 event dispatch exit
1521371373.286134 event dispatch enter
1521371373.286280 lost client 11
1521371373.286299 unref client 11 (1 references)
1521371373.286306 event dispatch exit
1521371373.286311 event dispatch enter
1521371373.286320 free client 11 (0 references)
1521371373.286328 event dispatch exit
1521371373.286332 event dispatch enter
1521371373.288100 new client 11
1521371373.288112 event dispatch exit
1521371373.288117 event dispatch enter
1521371373.288247 got 100 from client 11
1521371373.288255 got 101 from client 11
1521371373.288260 got 102 from client 11
1521371373.288264 got 103 from client 11
1521371373.288269 event dispatch exit
1521371373.288273 event dispatch enter
1521371373.288316 got 104 from client 11
1521371373.288323 event dispatch exit
1521371373.288337 event dispatch enter
1521371373.288381 got 107 from client 11
1521371373.288388 got 105 from client 11
1521371373.288393 got 105 from client 11
1521371373.288398 got 105 from client 11
1521371373.288403 got 105 from client 11
1521371373.288408 got 105 from client 11
1521371373.288413 got 105 from client 11
1521371373.288418 got 105 from client 11
1521371373.288422 got 105 from client 11
1521371373.288427 got 105 from client 11
1521371373.288432 got 105 from client 11
1521371373.288438 got 105 from client 11
1521371373.288446 got 105 from client 11
1521371373.288450 got 105 from client 11
1521371373.288455 got 105 from client 11
1521371373.288460 got 105 from client 11
1521371373.288465 got 105 from client 11
1521371373.288472 got 105 from client 11
1521371373.288476 got 105 from client 11
1521371373.288481 got 105 from client 11
1521371373.288485 got 105 from client 11
1521371373.288490 got 105 from client 11
1521371373.288494 got 105 from client 11
1521371373.288499 got 105 from client 11
1521371373.288504 got 105 from client 11
1521371373.288508 got 105 from client 11
1521371373.288512 got 105 from client 11
1521371373.288517 got 105 from client 11
1521371373.288522 got 105 from client 11
1521371373.288526 got 105 from client 11
1521371373.288531 got 105 from client 11
1521371373.288535 got 105 from client 11
1521371373.288540 got 105 from client 11
1521371373.288544 got 105 from client 11
1521371373.288548 got 106 from client 11
1521371373.288554 got 200 from client 11
1521371373.288562 continuing cmdq 0x557e3e9b4ba0: flags=0, client=11
1521371373.288570 cmdq 0x557e3e9b4ba0: bind-key I run-shell /root/.tmux/plugins/tpm/bindings/install_plugins
1521371373.288583 event dispatch exit
1521371373.288587 writing 203 to client 11
1521371373.288592 event dispatch enter
1521371373.288607 event dispatch exit
1521371373.288612 event dispatch enter
1521371373.288756 lost client 11
1521371373.288781 unref client 11 (1 references)
1521371373.288791 event dispatch exit
1521371373.288796 event dispatch enter
1521371373.288806 free client 11 (0 references)
1521371373.288813 event dispatch exit
1521371373.288817 event dispatch enter
1521371373.290792 new client 11
1521371373.290808 event dispatch exit
1521371373.290815 event dispatch enter
1521371373.290995 got 100 from client 11
1521371373.291007 got 101 from client 11
1521371373.291014 got 102 from client 11
1521371373.291021 got 103 from client 11
1521371373.291028 event dispatch exit
1521371373.291035 event dispatch enter
1521371373.291082 got 104 from client 11
1521371373.291089 event dispatch exit
1521371373.291094 event dispatch enter
1521371373.291148 got 107 from client 11
1521371373.291155 got 105 from client 11
1521371373.291161 got 105 from client 11
1521371373.291166 got 105 from client 11
1521371373.291171 got 105 from client 11
1521371373.291176 got 105 from client 11
1521371373.291181 got 105 from client 11
1521371373.291185 got 105 from client 11
1521371373.291190 got 105 from client 11
1521371373.291195 got 105 from client 11
1521371373.291200 got 105 from client 11
1521371373.291206 got 105 from client 11
1521371373.291214 got 105 from client 11
1521371373.291219 got 105 from client 11
1521371373.291224 got 105 from client 11
1521371373.291229 got 105 from client 11
1521371373.291234 got 105 from client 11
1521371373.291240 got 105 from client 11
1521371373.291245 got 105 from client 11
1521371373.291249 got 105 from client 11
1521371373.291254 got 105 from client 11
1521371373.291259 got 105 from client 11
1521371373.291263 got 105 from client 11
1521371373.291268 got 105 from client 11
1521371373.291272 got 105 from client 11
1521371373.291276 got 105 from client 11
1521371373.291281 got 105 from client 11
1521371373.291286 got 105 from client 11
1521371373.291291 got 105 from client 11
1521371373.291295 got 105 from client 11
1521371373.291300 got 105 from client 11
1521371373.291304 got 105 from client 11
1521371373.291309 got 105 from client 11
1521371373.291313 got 105 from client 11
1521371373.291317 got 106 from client 11
1521371373.291323 got 200 from client 11
1521371373.291343 continuing cmdq 0x557e3e9b4ba0: flags=0, client=11
1521371373.291350 cmdq 0x557e3e9b4ba0: show-options -gqv @tpm-update
1521371373.291359 event dispatch exit
1521371373.291364 writing 203 to client 11
1521371373.291369 event dispatch enter
1521371373.291384 event dispatch exit
1521371373.291389 event dispatch enter
1521371373.291539 lost client 11
1521371373.291558 unref client 11 (1 references)
1521371373.291565 event dispatch exit
1521371373.291570 event dispatch enter
1521371373.291579 free client 11 (0 references)
1521371373.291587 event dispatch exit
1521371373.291591 event dispatch enter
1521371373.293402 new client 11
1521371373.293414 event dispatch exit
1521371373.293419 event dispatch enter
1521371373.293538 got 100 from client 11
1521371373.293545 got 101 from client 11
1521371373.293550 got 102 from client 11
1521371373.293554 got 103 from client 11
1521371373.293559 event dispatch exit
1521371373.293563 event dispatch enter
1521371373.293605 got 104 from client 11
1521371373.293612 event dispatch exit
1521371373.293616 event dispatch enter
1521371373.293658 got 107 from client 11
1521371373.293664 got 105 from client 11
1521371373.293670 got 105 from client 11
1521371373.293676 got 105 from client 11
1521371373.293680 got 105 from client 11
1521371373.293685 got 105 from client 11
1521371373.293690 got 105 from client 11
1521371373.293695 got 105 from client 11
1521371373.293699 got 105 from client 11
1521371373.293704 got 105 from client 11
1521371373.293709 got 105 from client 11
1521371373.293715 got 105 from client 11
1521371373.293723 got 105 from client 11
1521371373.293728 got 105 from client 11
1521371373.293733 got 105 from client 11
1521371373.293738 got 105 from client 11
1521371373.293743 got 105 from client 11
1521371373.293750 got 105 from client 11
1521371373.293754 got 105 from client 11
1521371373.293759 got 105 from client 11
1521371373.293763 got 105 from client 11
1521371373.293768 got 105 from client 11
1521371373.293772 got 105 from client 11
1521371373.293777 got 105 from client 11
1521371373.293781 got 105 from client 11
1521371373.293786 got 105 from client 11
1521371373.293790 got 105 from client 11
1521371373.293795 got 105 from client 11
1521371373.293800 got 105 from client 11
1521371373.293804 got 105 from client 11
1521371373.293809 got 105 from client 11
1521371373.293814 got 105 from client 11
1521371373.293818 got 105 from client 11
1521371373.293823 got 105 from client 11
1521371373.293827 got 106 from client 11
1521371373.293832 got 200 from client 11
1521371373.293841 continuing cmdq 0x557e3e9b4ba0: flags=0, client=11
1521371373.293849 cmdq 0x557e3e9b4ba0: bind-key U run-shell /root/.tmux/plugins/tpm/bindings/update_plugins
1521371373.293861 event dispatch exit
1521371373.293866 writing 203 to client 11
1521371373.293871 event dispatch enter
1521371373.293886 event dispatch exit
1521371373.293890 event dispatch enter
1521371373.294035 lost client 11
1521371373.294054 unref client 11 (1 references)
1521371373.294060 event dispatch exit
1521371373.294065 event dispatch enter
1521371373.294074 free client 11 (0 references)
1521371373.294081 event dispatch exit
1521371373.294085 event dispatch enter
1521371373.296152 new client 11
1521371373.296164 event dispatch exit
1521371373.296169 event dispatch enter
1521371373.296290 got 100 from client 11
1521371373.296298 got 101 from client 11
1521371373.296302 got 102 from client 11
1521371373.296307 got 103 from client 11
1521371373.296312 event dispatch exit
1521371373.296316 event dispatch enter
1521371373.296359 got 104 from client 11
1521371373.296366 event dispatch exit
1521371373.296371 event dispatch enter
1521371373.296413 got 107 from client 11
1521371373.296420 got 105 from client 11
1521371373.296426 got 105 from client 11
1521371373.296430 got 105 from client 11
1521371373.296435 got 105 from client 11
1521371373.296440 got 105 from client 11
1521371373.296444 got 105 from client 11
1521371373.296449 got 105 from client 11
1521371373.296454 got 105 from client 11
1521371373.296459 got 105 from client 11
1521371373.296473 got 105 from client 11
1521371373.296479 got 105 from client 11
1521371373.296487 got 105 from client 11
1521371373.296492 got 105 from client 11
1521371373.296497 got 105 from client 11
1521371373.296502 got 105 from client 11
1521371373.296507 got 105 from client 11
1521371373.296514 got 105 from client 11
1521371373.296518 got 105 from client 11
1521371373.296523 got 105 from client 11
1521371373.296528 got 105 from client 11
1521371373.296532 got 105 from client 11
1521371373.296537 got 105 from client 11
1521371373.296541 got 105 from client 11
1521371373.296546 got 105 from client 11
1521371373.296550 got 105 from client 11
1521371373.296555 got 105 from client 11
1521371373.296560 got 105 from client 11
1521371373.296564 got 105 from client 11
1521371373.296569 got 105 from client 11
1521371373.296573 got 105 from client 11
1521371373.296578 got 105 from client 11
1521371373.296582 got 105 from client 11
1521371373.296587 got 105 from client 11
1521371373.296591 got 106 from client 11
1521371373.296597 got 200 from client 11
1521371373.296609 continuing cmdq 0x557e3e9b4ba0: flags=0, client=11
1521371373.296616 cmdq 0x557e3e9b4ba0: show-options -gqv @tpm-clean
1521371373.296624 event dispatch exit
1521371373.296628 writing 203 to client 11
1521371373.296633 event dispatch enter
1521371373.296652 event dispatch exit
1521371373.296660 event dispatch enter
1521371373.296827 lost client 11
1521371373.296846 unref client 11 (1 references)
1521371373.296853 event dispatch exit
1521371373.296857 event dispatch enter
1521371373.296867 free client 11 (0 references)
1521371373.296875 event dispatch exit
1521371373.296879 event dispatch enter
1521371373.298444 new client 11
1521371373.298490 event dispatch exit
1521371373.298497 event dispatch enter
1521371373.298617 got 100 from client 11
1521371373.298636 got 101 from client 11
1521371373.298642 got 102 from client 11
1521371373.298646 got 103 from client 11
1521371373.298652 event dispatch exit
1521371373.298656 event dispatch enter
1521371373.298701 got 104 from client 11
1521371373.298709 event dispatch exit
1521371373.298713 event dispatch enter
1521371373.298756 got 107 from client 11
1521371373.298762 got 105 from client 11
1521371373.298768 got 105 from client 11
1521371373.298773 got 105 from client 11
1521371373.298778 got 105 from client 11
1521371373.298783 got 105 from client 11
1521371373.298787 got 105 from client 11
1521371373.298792 got 105 from client 11
1521371373.298797 got 105 from client 11
1521371373.298802 got 105 from client 11
1521371373.298806 got 105 from client 11
1521371373.298812 got 105 from client 11
1521371373.298819 got 105 from client 11
1521371373.298825 got 105 from client 11
1521371373.298829 got 105 from client 11
1521371373.298834 got 105 from client 11
1521371373.298839 got 105 from client 11
1521371373.298846 got 105 from client 11
1521371373.298850 got 105 from client 11
1521371373.298855 got 105 from client 11
1521371373.298859 got 105 from client 11
1521371373.298864 got 105 from client 11
1521371373.298868 got 105 from client 11
1521371373.298873 got 105 from client 11
1521371373.298878 got 105 from client 11
1521371373.298882 got 105 from client 11
1521371373.298887 got 105 from client 11
1521371373.298892 got 105 from client 11
1521371373.298896 got 105 from client 11
1521371373.298901 got 105 from client 11
1521371373.298905 got 105 from client 11
1521371373.298910 got 105 from client 11
1521371373.298914 got 105 from client 11
1521371373.298919 got 105 from client 11
1521371373.298923 got 106 from client 11
1521371373.298929 got 200 from client 11
1521371373.298938 continuing cmdq 0x557e3e9b4ba0: flags=0, client=11
1521371373.298945 cmdq 0x557e3e9b4ba0: bind-key M-u run-shell /root/.tmux/plugins/tpm/bindings/clean_plugins
1521371373.298956 event dispatch exit
1521371373.298961 writing 203 to client 11
1521371373.298966 event dispatch enter
1521371373.298981 event dispatch exit
1521371373.298986 event dispatch enter
1521371373.299128 lost client 11
1521371373.299147 unref client 11 (1 references)
1521371373.299160 event dispatch exit
1521371373.299165 event dispatch enter
1521371373.299175 free client 11 (0 references)
1521371373.299182 event dispatch exit
1521371373.299186 event dispatch enter
1521371373.305653 new client 11
1521371373.305675 event dispatch exit
1521371373.305681 event dispatch enter
1521371373.305833 got 100 from client 11
1521371373.305841 got 101 from client 11
1521371373.305846 got 102 from client 11
1521371373.305850 got 103 from client 11
1521371373.305856 event dispatch exit
1521371373.305860 event dispatch enter
1521371373.305903 got 104 from client 11
1521371373.305910 event dispatch exit
1521371373.305915 event dispatch enter
1521371373.305957 got 107 from client 11
1521371373.305964 got 105 from client 11
1521371373.305970 got 105 from client 11
1521371373.305975 got 105 from client 11
1521371373.305980 got 105 from client 11
1521371373.305985 got 105 from client 11
1521371373.305990 got 105 from client 11
1521371373.305995 got 105 from client 11
1521371373.306000 got 105 from client 11
1521371373.306005 got 105 from client 11
1521371373.306010 got 105 from client 11
1521371373.306016 got 105 from client 11
1521371373.306025 got 105 from client 11
1521371373.306030 got 105 from client 11
1521371373.306035 got 105 from client 11
1521371373.306040 got 105 from client 11
1521371373.306045 got 105 from client 11
1521371373.306050 got 105 from client 11
1521371373.306056 got 105 from client 11
1521371373.306061 got 105 from client 11
1521371373.306065 got 105 from client 11
1521371373.306070 got 105 from client 11
1521371373.306075 got 105 from client 11
1521371373.306080 got 105 from client 11
1521371373.306084 got 105 from client 11
1521371373.306089 got 105 from client 11
1521371373.306093 got 105 from client 11
1521371373.306098 got 105 from client 11
1521371373.306102 got 105 from client 11
1521371373.306107 got 105 from client 11
1521371373.306111 got 105 from client 11
1521371373.306116 got 105 from client 11
1521371373.306121 got 105 from client 11
1521371373.306125 got 105 from client 11
1521371373.306129 got 106 from client 11
1521371373.306135 got 200 from client 11
1521371373.306151 continuing cmdq 0x557e3e9b2a10: flags=0, client=11
1521371373.306157 cmdq 0x557e3e9b2a10: start-server
1521371373.306164 cmdq 0x557e3e9b2a10: show-environment -g TMUX_PLUGIN_MANAGER_PATH
1521371373.306175 writing 213 to client 11
1521371373.306185 event dispatch exit
1521371373.306190 writing 203 to client 11
1521371373.306195 event dispatch enter
1521371373.306212 event dispatch exit
1521371373.306217 event dispatch enter
1521371373.306407 lost client 11
1521371373.306426 unref client 11 (1 references)
1521371373.306433 event dispatch exit
1521371373.306438 event dispatch enter
1521371373.306448 free client 11 (0 references)
1521371373.306489 event dispatch exit
1521371373.306496 event dispatch enter
1521371373.309739 new client 11
1521371373.309756 event dispatch exit
1521371373.309762 event dispatch enter
1521371373.309899 got 100 from client 11
1521371373.309906 got 101 from client 11
1521371373.309911 got 102 from client 11
1521371373.309916 got 103 from client 11
1521371373.309921 event dispatch exit
1521371373.309926 event dispatch enter
1521371373.309970 got 104 from client 11
1521371373.309977 event dispatch exit
1521371373.309982 event dispatch enter
1521371373.310024 got 107 from client 11
1521371373.310031 got 105 from client 11
1521371373.310037 got 105 from client 11
1521371373.310043 got 105 from client 11
1521371373.310048 got 105 from client 11
1521371373.310053 got 105 from client 11
1521371373.310058 got 105 from client 11
1521371373.310063 got 105 from client 11
1521371373.310067 got 105 from client 11
1521371373.310072 got 105 from client 11
1521371373.310077 got 105 from client 11
1521371373.310083 got 105 from client 11
1521371373.310090 got 105 from client 11
1521371373.310095 got 105 from client 11
1521371373.310101 got 105 from client 11
1521371373.310106 got 105 from client 11
1521371373.310111 got 105 from client 11
1521371373.310115 got 105 from client 11
1521371373.310134 got 105 from client 11
1521371373.310140 got 105 from client 11
1521371373.310144 got 105 from client 11
1521371373.310149 got 105 from client 11
1521371373.310154 got 105 from client 11
1521371373.310158 got 105 from client 11
1521371373.310163 got 105 from client 11
1521371373.310168 got 105 from client 11
1521371373.310172 got 105 from client 11
1521371373.310177 got 105 from client 11
1521371373.310182 got 105 from client 11
1521371373.310186 got 105 from client 11
1521371373.310190 got 105 from client 11
1521371373.310195 got 105 from client 11
1521371373.310200 got 105 from client 11
1521371373.310205 got 105 from client 11
1521371373.310209 got 105 from client 11
1521371373.310214 got 106 from client 11
1521371373.310219 got 200 from client 11
1521371373.310236 continuing cmdq 0x557e3e9b7470: flags=0, client=11
1521371373.310241 cmdq 0x557e3e9b7470: start-server
1521371373.310247 cmdq 0x557e3e9b7470: show-options -gqv @tpm_plugins
1521371373.310256 event dispatch exit
1521371373.310261 writing 203 to client 11
1521371373.310266 event dispatch enter
1521371373.310280 event dispatch exit
1521371373.310285 event dispatch enter
1521371373.310435 lost client 11
1521371373.310549 unref client 11 (1 references)
1521371373.310560 event dispatch exit
1521371373.310565 event dispatch enter
1521371373.310575 free client 11 (0 references)
1521371373.310583 event dispatch exit
1521371373.310587 event dispatch enter
1521371373.325106 job error 0x557e3e9b1c40: ~/.tmux/plugins/tpm/tpm, pid 29368
1521371373.325134 event dispatch exit
1521371373.325141 event dispatch enter
1521371373.325184 job died 0x557e3e9b1c40: ~/.tmux/plugins/tpm/tpm, pid 29368
1521371373.325192 free job 0x557e3e9b1c40: ~/.tmux/plugins/tpm/tpm
1521371373.325198 continuing cmdq 0x557e3e99da20: flags=0, client=-1
1521371373.325208 continuing cmdq 0x557e3e99c6e0: flags=0, client=7
1521371373.325216 cmdq 0x557e3e99c6e0: new-session
1521371373.325228 new term: xterm-256color
1521371373.325428 xterm-256color override: XT 
1521371373.325439 xterm-256color override: Ms \033]52;%p1%s;%p2%s\a
1521371373.325446 xterm-256color override: Cs \033]12;%p1%s\a
1521371373.325452 xterm-256color override: Cr \033]112\a
1521371373.325458 xterm-256color override: Ss \033[%p1%d q
1521371373.325464 xterm-256color override: Se \033[2 q
1521371373.325470 xterm-256color override: Tc 
1521371373.325501 new key \033Oo: 0x103c (KP/)
1521371373.325506 new key \033Oj: 0x103d (KP*)
1521371373.325511 new key \033Om: 0x103e (KP-)
1521371373.325515 new key \033Ow: 0x103f (KP7)
1521371373.325520 new key \033Ox: 0x1040 (KP8)
1521371373.325524 new key \033Oy: 0x1041 (KP9)
1521371373.325528 new key \033Ok: 0x1042 (KP+)
1521371373.325533 new key \033Ot: 0x1043 (KP4)
1521371373.325537 new key \033Ou: 0x1044 (KP5)
1521371373.325541 new key \033Ov: 0x1045 (KP6)
1521371373.325545 new key \033Oq: 0x1046 (KP1)
1521371373.325549 new key \033Or: 0x1047 (KP2)
1521371373.325553 new key \033Os: 0x1048 (KP3)
1521371373.325557 new key \033OM: 0x1049 (KPEnter)
1521371373.325561 new key \033Op: 0x104a (KP0)
1521371373.325565 new key \033On: 0x104b (KP.)
1521371373.325570 new key \033OA: 0x1038 (Up)
1521371373.325574 new key \033OB: 0x1039 (Down)
1521371373.325578 new key \033OC: 0x103b (Right)
1521371373.325582 new key \033OD: 0x103a (Left)
1521371373.325586 new key \033[A: 0x1038 (Up)
1521371373.325591 new key \033[B: 0x1039 (Down)
1521371373.325595 new key \033[C: 0x103b (Right)
1521371373.325599 new key \033[D: 0x103a (Left)
1521371373.325603 new key \033OH: 0x1033 (Home)
1521371373.325607 new key \033OF: 0x1034 (End)
1521371373.325611 new key \033[H: 0x1033 (Home)
1521371373.325615 new key \033[F: 0x1034 (End)
1521371373.325619 new key \033Oa: 0x5038 (C-Up)
1521371373.325623 new key \033Ob: 0x5039 (C-Down)
1521371373.325628 new key \033Oc: 0x503b (C-Right)
1521371373.325632 new key \033Od: 0x503a (C-Left)
1521371373.325636 new key \033[a: 0x9038 (S-Up)
1521371373.325640 new key \033[b: 0x9039 (S-Down)
1521371373.325644 new key \033[c: 0x903b (S-Right)
1521371373.325649 new key \033[d: 0x903a (S-Left)
1521371373.325666 new key \033[11^: 0x5025 (C-F1)
1521371373.325671 new key \033[12^: 0x5026 (C-F2)
1521371373.325676 new key \033[13^: 0x5027 (C-F3)
1521371373.325680 new key \033[14^: 0x5028 (C-F4)
1521371373.325684 new key \033[15^: 0x5029 (C-F5)
1521371373.325688 new key \033[17^: 0x502a (C-F6)
1521371373.325693 new key \033[18^: 0x502b (C-F7)
1521371373.325697 new key \033[19^: 0x502c (C-F8)
1521371373.325701 new key \033[20^: 0x502d (C-F9)
1521371373.325705 new key \033[21^: 0x502e (C-F10)
1521371373.325710 new key \033[23^: 0x502f (C-F11)
1521371373.325714 new key \033[24^: 0x5030 (C-F12)
1521371373.325718 new key \033[2^: 0x5031 (C-IC)
1521371373.325722 new key \033[3^: 0x5032 (C-DC)
1521371373.325726 new key \033[7^: 0x5033 (C-Home)
1521371373.325730 new key \033[8^: 0x5034 (C-End)
1521371373.325735 new key \033[6^: 0x5035 (C-NPage)
1521371373.325739 new key \033[5^: 0x5036 (C-PPage)
1521371373.325743 new key \033[11$: 0x9025 (S-F1)
1521371373.325747 new key \033[12$: 0x9026 (S-F2)
1521371373.325751 new key \033[13$: 0x9027 (S-F3)
1521371373.325756 new key \033[14$: 0x9028 (S-F4)
1521371373.325760 new key \033[15$: 0x9029 (S-F5)
1521371373.325764 new key \033[17$: 0x902a (S-F6)
1521371373.325768 new key \033[18$: 0x902b (S-F7)
1521371373.325772 new key \033[19$: 0x902c (S-F8)
1521371373.325776 new key \033[20$: 0x902d (S-F9)
1521371373.325780 new key \033[21$: 0x902e (S-F10)
1521371373.325784 new key \033[23$: 0x902f (S-F11)
1521371373.325788 new key \033[24$: 0x9030 (S-F12)
1521371373.325792 new key \033[2$: 0x9031 (S-IC)
1521371373.325796 new key \033[3$: 0x9032 (S-DC)
1521371373.325800 new key \033[7$: 0x9033 (S-Home)
1521371373.325805 new key \033[8$: 0x9034 (S-End)
1521371373.325809 new key \033[6$: 0x9035 (S-NPage)
1521371373.325813 new key \033[5$: 0x9036 (S-PPage)
1521371373.325817 new key \033[11@: 0xd025 (C-S-F1)
1521371373.325821 new key \033[12@: 0xd026 (C-S-F2)
1521371373.325826 new key \033[13@: 0xd027 (C-S-F3)
1521371373.325830 new key \033[14@: 0xd028 (C-S-F4)
1521371373.325834 new key \033[15@: 0xd029 (C-S-F5)
1521371373.325838 new key \033[17@: 0xd02a (C-S-F6)
1521371373.325842 new key \033[18@: 0xd02b (C-S-F7)
1521371373.325846 new key \033[19@: 0xd02c (C-S-F8)
1521371373.325850 new key \033[20@: 0xd02d (C-S-F9)
1521371373.325854 new key \033[21@: 0xd02e (C-S-F10)
1521371373.325858 new key \033[23@: 0xd02f (C-S-F11)
1521371373.325863 new key \033[24@: 0xd030 (C-S-F12)
1521371373.325867 new key \033[2@: 0xd031 (C-S-IC)
1521371373.325871 new key \033[3@: 0xd032 (C-S-DC)
1521371373.325875 new key \033[7@: 0xd033 (C-S-Home)
1521371373.325879 new key \033[8@: 0xd034 (C-S-End)
1521371373.325883 new key \033[6@: 0xd035 (C-S-NPage)
1521371373.325888 new key \033[5@: 0xd036 (C-S-PPage)
1521371373.325892 new key \033[I: 0x1000 ((null))
1521371373.325896 new key \033[O: 0x1001 ((null))
1521371373.325900 new key \033OP: 0x1025 (F1)
1521371373.325904 new key \033OQ: 0x1026 (F2)
1521371373.325908 new key \033OR: 0x1027 (F3)
1521371373.325912 new key \033OS: 0x1028 (F4)
1521371373.325916 new key \033[15~: 0x1029 (F5)
1521371373.325920 new key \033[17~: 0x102a (F6)
1521371373.325924 new key \033[18~: 0x102b (F7)
1521371373.325928 new key \033[19~: 0x102c (F8)
1521371373.325932 new key \033[20~: 0x102d (F9)
1521371373.325936 new key \033[21~: 0x102e (F10)
1521371373.325940 new key \033[23~: 0x102f (F11)
1521371373.325944 new key \033[24~: 0x1030 (F12)
1521371373.325949 new key \033[1;2P: 0x9025 (S-F1)
1521371373.325953 new key \033[1;2Q: 0x9026 (S-F2)
1521371373.325957 new key \033[1;2R: 0x9027 (S-F3)
1521371373.325961 new key \033[1;2S: 0x9028 (S-F4)
1521371373.325965 new key \033[15;2~: 0x9029 (S-F5)
1521371373.325970 new key \033[17;2~: 0x902a (S-F6)
1521371373.325974 new key \033[18;2~: 0x902b (S-F7)
1521371373.325978 new key \033[19;2~: 0x902c (S-F8)
1521371373.325982 new key \033[20;2~: 0x902d (S-F9)
1521371373.325987 new key \033[21;2~: 0x902e (S-F10)
1521371373.325991 new key \033[23;2~: 0x902f (S-F11)
1521371373.325996 new key \033[24;2~: 0x9030 (S-F12)
1521371373.326000 new key \033[1;5P: 0x5025 (C-F1)
1521371373.326010 new key \033[1;5Q: 0x5026 (C-F2)
1521371373.326014 new key \033[1;5R: 0x5027 (C-F3)
1521371373.326019 new key \033[1;5S: 0x5028 (C-F4)
1521371373.326023 new key \033[15;5~: 0x5029 (C-F5)
1521371373.326027 new key \033[17;5~: 0x502a (C-F6)
1521371373.326032 new key \033[18;5~: 0x502b (C-F7)
1521371373.326036 new key \033[19;5~: 0x502c (C-F8)
1521371373.326040 new key \033[20;5~: 0x502d (C-F9)
1521371373.326045 new key \033[21;5~: 0x502e (C-F10)
1521371373.326049 new key \033[23;5~: 0x502f (C-F11)
1521371373.326053 new key \033[24;5~: 0x5030 (C-F12)
1521371373.326058 new key \033[1;6P: 0xd025 (C-S-F1)
1521371373.326062 new key \033[1;6Q: 0xd026 (C-S-F2)
1521371373.326066 new key \033[1;6R: 0xd027 (C-S-F3)
1521371373.326070 new key \033[1;6S: 0xd028 (C-S-F4)
1521371373.326075 new key \033[15;6~: 0xd029 (C-S-F5)
1521371373.326079 new key \033[17;6~: 0xd02a (C-S-F6)
1521371373.326083 new key \033[18;6~: 0xd02b (C-S-F7)
1521371373.326088 new key \033[19;6~: 0xd02c (C-S-F8)
1521371373.326092 new key \033[20;6~: 0xd02d (C-S-F9)
1521371373.326096 new key \033[21;6~: 0xd02e (C-S-F10)
1521371373.326100 new key \033[23;6~: 0xd02f (C-S-F11)
1521371373.326105 new key \033[24;6~: 0xd030 (C-S-F12)
1521371373.326109 new key \033[1;3P: 0x3025 (M-F1)
1521371373.326113 new key \033[1;3Q: 0x3026 (M-F2)
1521371373.326117 new key \033[1;3R: 0x3027 (M-F3)
1521371373.326121 new key \033[1;3S: 0x3028 (M-F4)
1521371373.326126 new key \033[15;3~: 0x3029 (M-F5)
1521371373.326130 new key \033[17;3~: 0x302a (M-F6)
1521371373.326134 new key \033[18;3~: 0x302b (M-F7)
1521371373.326138 new key \033[19;3~: 0x302c (M-F8)
1521371373.326142 new key \033[20;3~: 0x302d (M-F9)
1521371373.326147 new key \033[21;3~: 0x302e (M-F10)
1521371373.326151 new key \033[23;3~: 0x302f (M-F11)
1521371373.326155 new key \033[24;3~: 0x3030 (M-F12)
1521371373.326159 new key \033[1;4P: 0xb025 (M-S-F1)
1521371373.326164 new key \033[1;4Q: 0xb026 (M-S-F2)
1521371373.326168 new key \033[1;4R: 0xb027 (M-S-F3)
1521371373.326172 new key \033[2~: 0x1031 (IC)
1521371373.326176 new key \033[3~: 0x1032 (DC)
1521371373.326180 replacing key \033OH: 0x1033 (Home)
1521371373.326185 replacing key \033OF: 0x1034 (End)
1521371373.326189 new key \033[6~: 0x1035 (NPage)
1521371373.326193 new key \033[5~: 0x1036 (PPage)
1521371373.326197 new key \033[Z: 0x1037 (BTab)
1521371373.326201 replacing key \033OA: 0x1038 (Up)
1521371373.326205 replacing key \033OB: 0x1039 (Down)
1521371373.326209 replacing key \033OD: 0x103a (Left)
1521371373.326214 replacing key \033OC: 0x103b (Right)
1521371373.326218 new key \033[3;2~: 0x9032 (S-DC)
1521371373.326222 new key \033[3;3~: 0x3032 (M-DC)
1521371373.326226 new key \033[3;4~: 0xb032 (M-S-DC)
1521371373.326230 new key \033[3;5~: 0x5032 (C-DC)
1521371373.326235 new key \033[3;6~: 0xd032 (C-S-DC)
1521371373.326239 new key \033[3;7~: 0x7032 (C-M-DC)
1521371373.326243 new key \033[1;2B: 0x9039 (S-Down)
1521371373.326248 new key \033[1;3B: 0x3039 (M-Down)
1521371373.326252 new key \033[1;4B: 0xb039 (M-S-Down)
1521371373.326256 new key \033[1;5B: 0x5039 (C-Down)
1521371373.326261 new key \033[1;6B: 0xd039 (C-S-Down)
1521371373.326265 new key \033[1;7B: 0x7039 (C-M-Down)
1521371373.326269 new key \033[1;2F: 0x9034 (S-End)
1521371373.326274 new key \033[1;3F: 0x3034 (M-End)
1521371373.326278 new key \033[1;4F: 0xb034 (M-S-End)
1521371373.326282 new key \033[1;5F: 0x5034 (C-End)
1521371373.326287 new key \033[1;6F: 0xd034 (C-S-End)
1521371373.326291 new key \033[1;7F: 0x7034 (C-M-End)
1521371373.326295 new key \033[1;2H: 0x9033 (S-Home)
1521371373.326300 new key \033[1;3H: 0x3033 (M-Home)
1521371373.326304 new key \033[1;4H: 0xb033 (M-S-Home)
1521371373.326308 new key \033[1;5H: 0x5033 (C-Home)
1521371373.326312 new key \033[1;6H: 0xd033 (C-S-Home)
1521371373.326317 new key \033[1;7H: 0x7033 (C-M-Home)
1521371373.326321 new key \033[2;2~: 0x9031 (S-IC)
1521371373.326325 new key \033[2;3~: 0x3031 (M-IC)
1521371373.326330 new key \033[2;4~: 0xb031 (M-S-IC)
1521371373.326334 new key \033[2;5~: 0x5031 (C-IC)
1521371373.326338 new key \033[2;6~: 0xd031 (C-S-IC)
1521371373.326347 new key \033[2;7~: 0x7031 (C-M-IC)
1521371373.326352 new key \033[1;2D: 0x903a (S-Left)
1521371373.326356 new key \033[1;3D: 0x303a (M-Left)
1521371373.326362 new key \033[1;4D: 0xb03a (M-S-Left)
1521371373.326369 new key \033[1;5D: 0x503a (C-Left)
1521371373.326376 new key \033[1;6D: 0xd03a (C-S-Left)
1521371373.326384 new key \033[1;7D: 0x703a (C-M-Left)
1521371373.326391 new key \033[6;2~: 0x9035 (S-NPage)
1521371373.326397 new key \033[6;3~: 0x3035 (M-NPage)
1521371373.326404 new key \033[6;4~: 0xb035 (M-S-NPage)
1521371373.326411 new key \033[6;5~: 0x5035 (C-NPage)
1521371373.326418 new key \033[6;6~: 0xd035 (C-S-NPage)
1521371373.326425 new key \033[6;7~: 0x7035 (C-M-NPage)
1521371373.326433 new key \033[5;2~: 0x9036 (S-PPage)
1521371373.326440 new key \033[5;3~: 0x3036 (M-PPage)
1521371373.326446 new key \033[5;4~: 0xb036 (M-S-PPage)
1521371373.326554 new key \033[5;5~: 0x5036 (C-PPage)
1521371373.326565 new key \033[5;6~: 0xd036 (C-S-PPage)
1521371373.326572 new key \033[5;7~: 0x7036 (C-M-PPage)
1521371373.326580 new key \033[1;2C: 0x903b (S-Right)
1521371373.326588 new key \033[1;3C: 0x303b (M-Right)
1521371373.326595 new key \033[1;4C: 0xb03b (M-S-Right)
1521371373.326602 new key \033[1;5C: 0x503b (C-Right)
1521371373.326609 new key \033[1;6C: 0xd03b (C-S-Right)
1521371373.326616 new key \033[1;7C: 0x703b (C-M-Right)
1521371373.326634 new key \033[1;2A: 0x9038 (S-Up)
1521371373.326643 new key \033[1;3A: 0x3038 (M-Up)
1521371373.326651 new key \033[1;4A: 0xb038 (M-S-Up)
1521371373.326658 new key \033[1;5A: 0x5038 (C-Up)
1521371373.326665 new key \033[1;6A: 0xd038 (C-S-Up)
1521371373.326671 new key \033[1;7A: 0x7038 (C-M-Up)
1521371373.326733 @0 alerts flags added 0x2
1521371373.326757 spawn: /bin/zsh -- reattach-to-user-namespace -l zsh
1521371373.326766 spawn: argv[0] = reattach-to-user-namespace -l zsh
1521371373.328674 @0 alerts timer reset 0
1521371373.328684 session 0 created
1521371373.328696 writing 207 to client 7
1521371373.328716 client 7, status interval 15
1521371373.328832 session 0 has 3 references
1521371373.328838 session 0 has 2 references
1521371373.328843 unref client 7 (3 references)
1521371373.328847 unref client 7 (2 references)
1521371373.328863 event dispatch exit
1521371373.329015 format 'whoami' -> 'whoami'
1521371373.329209 run job 0x557e3e9bc220: whoami, pid 29429
1521371373.329222 format '<'whoami' not ready>' -> '<'whoami' not ready>'
1521371373.329231 format 'pwd' -> 'pwd'
1521371373.329444 run job 0x557e3e9c37f0: pwd, pid 29430
1521371373.329457 format '<'pwd' not ready>' -> '<'pwd' not ready>'
1521371373.329469 format ' Session: #S #[fg=colour253,bg=colour233,bold] #(whoami):#(pwd) ' -> ' Session: 0 #[fg=colour253,bg=colour233,bold] <'whoami' not ready>:<'pwd' not ready> '
1521371373.329593 format '#{prefix_highlight}#[fg=colour253,bg=colour236,bold] 2018/03/18 #[fg=colour253,bg=colour233,bold] 19:09 ' -> '#[fg=colour253,bg=colour236,bold] 2018/03/18 #[fg=colour253,bg=colour233,bold] 19:09 '
1521371373.329672 format ' #I#[fg=colour250]:#[fg=colour255]#W#[fg=colour50]#F ' -> ' 0#[fg=colour250]:#[fg=colour255]reattach-to-user-namespace#[fg=colour50]* '
1521371373.330322 @0 active pane changed
1521371373.330362 format '[tmux]' -> '[tmux]'
1521371373.330369 format '' -> ''
1521371373.330375 format '#{?pane_in_mode,[tmux],#{pane_current_command}}#{?pane_dead,[dead],}' -> '[tmux]'
1521371373.330384 @0 new name [tmux] (was reattach-to-user-namespace)
1521371373.330396 event dispatch enter
1521371373.330720 job write 0x557e3e9bc220: whoami, pid 29429, output left 0
1521371373.330733 job write 0x557e3e9c37f0: pwd, pid 29430, output left 0
1521371373.330738 event dispatch exit
1521371373.330849 format 'whoami' -> 'whoami'
1521371373.330856 format '<'whoami' not ready>' -> '<'whoami' not ready>'
1521371373.330861 format 'pwd' -> 'pwd'
1521371373.330866 format '<'pwd' not ready>' -> '<'pwd' not ready>'
1521371373.330873 format ' Session: #S #[fg=colour253,bg=colour233,bold] #(whoami):#(pwd) ' -> ' Session: 0 #[fg=colour253,bg=colour233,bold] <'whoami' not ready>:<'pwd' not ready> '
1521371373.330957 format '#{prefix_highlight}#[fg=colour253,bg=colour236,bold] 2018/03/18 #[fg=colour253,bg=colour233,bold] 19:09 ' -> '#[fg=colour253,bg=colour236,bold] 2018/03/18 #[fg=colour253,bg=colour233,bold] 19:09 '
1521371373.331033 format ' #I#[fg=colour250]:#[fg=colour255]#W#[fg=colour50]#F ' -> ' 0#[fg=colour250]:#[fg=colour255][tmux]#[fg=colour50]* '
1521371373.331132 @0 active pane not changed
1521371373.331140 event dispatch enter
1521371373.331169 got 208 from client 7
1521371373.331234 event dispatch exit
1521371373.331244 @0 active pane not changed
1521371373.331248 event dispatch enter
1521371373.335073 event dispatch exit
1521371373.335104 @0 active pane not changed
1521371373.335109 event dispatch enter
1521371373.337468 session 0 has 2 references
1521371373.337484 session 0 destroyed
1521371373.337494 session 0 has 2 references
1521371373.337504 session 0 has 1 references
1521371373.337546 job died 0x557e3e9c37f0: pwd, pid 29430
1521371373.337553 event dispatch exit
1521371373.337559 writing 203 to client 7
1521371373.337567 event dispatch enter
1521371373.337594 job error 0x557e3e9c37f0: pwd, pid -1
1521371373.337608 format_job_callback: pwd: /root/.dotfiles
1521371373.337613 free job 0x557e3e9c37f0: pwd
1521371373.337641 session 0 freed (0 references)
1521371373.337647 event dispatch exit
1521371373.337651 event dispatch enter
1521371373.337746 got 205 from client 7
1521371373.338154 writing 204 to client 7
1521371373.338164 event dispatch exit
1521371373.338168 event dispatch enter
1521371373.338185 event dispatch exit
1521371373.338190 event dispatch enter
1521371373.338943 lost client 7
1521371373.338983 unref client 7 (1 references)
1521371373.339012 event dispatch exit
